{"level":"info","message":"Hello from Aquisations!","service":"acquisitions-api"}
{"level":"info","message":"::1 - - [21/Mar/2026:11:34:55 +0000] \"GET / HTTP/1.1\" 304 - \"-\" \"Mozilla/5.0 (Windows NT 10.0; Win64; x64) AppleWebKit/537.36 (KHTML, like Gecko) Chrome/146.0.0.0 Safari/537.36\"","service":"acquisitions-api"}
{"level":"info","message":"Hello from Acquisitions!","service":"acquisitions-api","timestamp":"2026-03-24T13:24:28.876Z"}
{"level":"info","message":"::1 - - [24/Mar/2026:13:24:28 +0000] \"GET / HTTP/1.1\" 200 24 \"-\" \"HTTPie\"","service":"acquisitions-api","timestamp":"2026-03-24T13:24:28.911Z"}
{"level":"info","message":"::1 - - [24/Mar/2026:13:24:58 +0000] \"GET /api HTTP/1.1\" 200 42 \"-\" \"HTTPie\"","service":"acquisitions-api","timestamp":"2026-03-24T13:24:58.666Z"}
{"level":"info","message":"::1 - - [24/Mar/2026:13:25:07 +0000] \"GET /health HTTP/1.1\" 200 74 \"-\" \"HTTPie\"","service":"acquisitions-api","timestamp":"2026-03-24T13:25:07.713Z"}
{"level":"info","message":"::1 - - [24/Mar/2026:13:25:45 +0000] \"POST /api/auth/sign-in HTTP/1.1\" 200 31 \"-\" \"HTTPie\"","service":"acquisitions-api","timestamp":"2026-03-24T13:25:45.187Z"}
{"level":"info","message":"::1 - - [24/Mar/2026:14:11:37 +0000] \"POST /api/auth/sign-in HTTP/1.1\" 200 31 \"-\" \"HTTPie\"","service":"acquisitions-api","timestamp":"2026-03-24T14:11:37.038Z"}
{"level":"info","message":"::1 - - [24/Mar/2026:14:11:49 +0000] \"POST /api/auth/sign-uo HTTP/1.1\" 404 156 \"-\" \"HTTPie\"","service":"acquisitions-api","timestamp":"2026-03-24T14:11:49.436Z"}
{"level":"info","message":"::1 - - [24/Mar/2026:14:12:43 +0000] \"POST /api/auth/sign-uo HTTP/1.1\" 404 156 \"-\" \"HTTPie\"","service":"acquisitions-api","timestamp":"2026-03-24T14:12:43.548Z"}
{"level":"info","message":"::1 - - [24/Mar/2026:14:12:47 +0000] \"POST /api/auth/sign-up HTTP/1.1\" 200 31 \"-\" \"HTTPie\"","service":"acquisitions-api","timestamp":"2026-03-24T14:12:47.713Z"}
{"level":"error","message":"Signup error formatValidationErrors is not defined","service":"acquisitions-api","stack":"ReferenceError: formatValidationErrors is not defined\n    at signup (file:///C:/Users/91932/OneDrive/Desktop/Production-Ready%20API/aquisitions/src/controllers/auth.controller.js:11:18)\n    at Layer.handleRequest (C:\\Users\\91932\\OneDrive\\Desktop\\Production-Ready API\\aquisitions\\node_modules\\router\\lib\\layer.js:152:17)\n    at next (C:\\Users\\91932\\OneDrive\\Desktop\\Production-Ready API\\aquisitions\\node_modules\\router\\lib\\route.js:157:13)\n    at Route.dispatch (C:\\Users\\91932\\OneDrive\\Desktop\\Production-Ready API\\aquisitions\\node_modules\\router\\lib\\route.js:117:3)\n    at handle (C:\\Users\\91932\\OneDrive\\Desktop\\Production-Ready API\\aquisitions\\node_modules\\router\\index.js:435:11)\n    at Layer.handleRequest (C:\\Users\\91932\\OneDrive\\Desktop\\Production-Ready API\\aquisitions\\node_modules\\router\\lib\\layer.js:152:17)\n    at C:\\Users\\91932\\OneDrive\\Desktop\\Production-Ready API\\aquisitions\\node_modules\\router\\index.js:295:15\n    at processParams (C:\\Users\\91932\\OneDrive\\Desktop\\Production-Ready API\\aquisitions\\node_modules\\router\\index.js:582:12)\n    at next (C:\\Users\\91932\\OneDrive\\Desktop\\Production-Ready API\\aquisitions\\node_modules\\router\\index.js:291:5)\n    at router.handle (C:\\Users\\91932\\OneDrive\\Desktop\\Production-Ready API\\aquisitions\\node_modules\\router\\index.js:186:3)","timestamp":"2026-03-24T14:14:18.752Z"}
{"level":"info","message":"::1 - - [24/Mar/2026:14:14:18 +0000] \"POST /api/auth/sign-up HTTP/1.1\" 400 1543 \"-\" \"HTTPie\"","service":"acquisitions-api","timestamp":"2026-03-24T14:14:18.760Z"}
{"level":"error","message":"Signup error formatValidationErrors is not defined","service":"acquisitions-api","stack":"ReferenceError: formatValidationErrors is not defined\n    at signup (file:///C:/Users/91932/OneDrive/Desktop/Production-Ready%20API/aquisitions/src/controllers/auth.controller.js:11:18)\n    at Layer.handleRequest (C:\\Users\\91932\\OneDrive\\Desktop\\Production-Ready API\\aquisitions\\node_modules\\router\\lib\\layer.js:152:17)\n    at next (C:\\Users\\91932\\OneDrive\\Desktop\\Production-Ready API\\aquisitions\\node_modules\\router\\lib\\route.js:157:13)\n    at Route.dispatch (C:\\Users\\91932\\OneDrive\\Desktop\\Production-Ready API\\aquisitions\\node_modules\\router\\lib\\route.js:117:3)\n    at handle (C:\\Users\\91932\\OneDrive\\Desktop\\Production-Ready API\\aquisitions\\node_modules\\router\\index.js:435:11)\n    at Layer.handleRequest (C:\\Users\\91932\\OneDrive\\Desktop\\Production-Ready API\\aquisitions\\node_modules\\router\\lib\\layer.js:152:17)\n    at C:\\Users\\91932\\OneDrive\\Desktop\\Production-Ready API\\aquisitions\\node_modules\\router\\index.js:295:15\n    at processParams (C:\\Users\\91932\\OneDrive\\Desktop\\Production-Ready API\\aquisitions\\node_modules\\router\\index.js:582:12)\n    at next (C:\\Users\\91932\\OneDrive\\Desktop\\Production-Ready API\\aquisitions\\node_modules\\router\\index.js:291:5)\n    at router.handle (C:\\Users\\91932\\OneDrive\\Desktop\\Production-Ready API\\aquisitions\\node_modules\\router\\index.js:186:3)","timestamp":"2026-03-24T14:17:19.979Z"}
{"level":"info","message":"::1 - - [24/Mar/2026:14:17:19 +0000] \"POST /api/auth/sign-up HTTP/1.1\" 400 1543 \"-\" \"HTTPie\"","service":"acquisitions-api","timestamp":"2026-03-24T14:17:19.982Z"}
{"level":"info","message":"::1 - - [24/Mar/2026:14:20:51 +0000] \"POST /api/auth/sign-in HTTP/1.1\" 200 31 \"-\" \"HTTPie\"","service":"acquisitions-api","timestamp":"2026-03-24T14:20:51.435Z"}
{"level":"error","message":"Signup error formatValidationErrors is not defined","service":"acquisitions-api","stack":"ReferenceError: formatValidationErrors is not defined\n    at signup (file:///C:/Users/91932/OneDrive/Desktop/Production-Ready%20API/aquisitions/src/controllers/auth.controller.js:11:18)\n    at Layer.handleRequest (C:\\Users\\91932\\OneDrive\\Desktop\\Production-Ready API\\aquisitions\\node_modules\\router\\lib\\layer.js:152:17)\n    at next (C:\\Users\\91932\\OneDrive\\Desktop\\Production-Ready API\\aquisitions\\node_modules\\router\\lib\\route.js:157:13)\n    at Route.dispatch (C:\\Users\\91932\\OneDrive\\Desktop\\Production-Ready API\\aquisitions\\node_modules\\router\\lib\\route.js:117:3)\n    at handle (C:\\Users\\91932\\OneDrive\\Desktop\\Production-Ready API\\aquisitions\\node_modules\\router\\index.js:435:11)\n    at Layer.handleRequest (C:\\Users\\91932\\OneDrive\\Desktop\\Production-Ready API\\aquisitions\\node_modules\\router\\lib\\layer.js:152:17)\n    at C:\\Users\\91932\\OneDrive\\Desktop\\Production-Ready API\\aquisitions\\node_modules\\router\\index.js:295:15\n    at processParams (C:\\Users\\91932\\OneDrive\\Desktop\\Production-Ready API\\aquisitions\\node_modules\\router\\index.js:582:12)\n    at next (C:\\Users\\91932\\OneDrive\\Desktop\\Production-Ready API\\aquisitions\\node_modules\\router\\index.js:291:5)\n    at router.handle (C:\\Users\\91932\\OneDrive\\Desktop\\Production-Ready API\\aquisitions\\node_modules\\router\\index.js:186:3)","timestamp":"2026-03-24T14:20:58.072Z"}
{"level":"info","message":"::1 - - [24/Mar/2026:14:20:58 +0000] \"POST /api/auth/sign-up HTTP/1.1\" 400 1543 \"-\" \"HTTPie\"","service":"acquisitions-api","timestamp":"2026-03-24T14:20:58.074Z"}
{"level":"info","message":"::1 - - [24/Mar/2026:14:21:32 +0000] \"POST /api/auth/sign-up HTTP/1.1\" 400 92 \"-\" \"HTTPie\"","service":"acquisitions-api","timestamp":"2026-03-24T14:21:32.774Z"}
{"level":"info","message":"User abc@mail.com signed up successfully","service":"acquisitions-api","timestamp":"2026-03-24T14:24:49.329Z"}
{"level":"info","message":"::1 - - [24/Mar/2026:14:24:49 +0000] \"POST /api/auth/sign-up HTTP/1.1\" 201 112 \"-\" \"HTTPie\"","service":"acquisitions-api","timestamp":"2026-03-24T14:24:49.331Z"}
{"level":"info","message":"User abc@mail.com signed up successfully","service":"acquisitions-api","timestamp":"2026-03-24T14:25:15.124Z"}
{"level":"info","message":"::1 - - [24/Mar/2026:14:25:15 +0000] \"POST /api/auth/sign-up HTTP/1.1\" 201 112 \"-\" \"HTTPie\"","service":"acquisitions-api","timestamp":"2026-03-24T14:25:15.131Z"}
{"level":"info","message":"::1 - - [24/Mar/2026:15:00:41 +0000] \"POST /api/auth/sign-up HTTP/1.1\" 400 92 \"-\" \"HTTPie\"","service":"acquisitions-api","timestamp":"2026-03-24T15:00:41.902Z"}
{"level":"info","message":"User abc@mail.com created successfully","service":"acquisitions-api","timestamp":"2026-03-24T15:01:42.432Z"}
{"level":"error","message":"Signup error cookies.set is not a function","service":"acquisitions-api","stack":"TypeError: cookies.set is not a function\n    at signup (file:///C:/Users/91932/OneDrive/Desktop/Production-Ready%20API/aquisitions/src/controllers/auth.controller.js:29:13)\n    at process.processTicksAndRejections (node:internal/process/task_queues:103:5)","timestamp":"2026-03-24T15:01:42.440Z"}
{"level":"info","message":"::1 - - [24/Mar/2026:15:01:42 +0000] \"POST /api/auth/sign-up HTTP/1.1\" 500 408 \"-\" \"HTTPie\"","service":"acquisitions-api","timestamp":"2026-03-24T15:01:42.445Z"}
{"level":"error","message":"Error creating user: Error: User with this email already exists","service":"acquisitions-api","timestamp":"2026-03-24T15:09:15.892Z"}
{"level":"error","message":"Signup error User with this email already exists","service":"acquisitions-api","stack":"Error: User with this email already exists\n    at createUser (file:///C:/Users/91932/OneDrive/Desktop/Production-Ready%20API/aquisitions/src/services/auth.service.js:25:13)\n    at process.processTicksAndRejections (node:internal/process/task_queues:103:5)\n    at async signup (file:///C:/Users/91932/OneDrive/Desktop/Production-Ready%20API/aquisitions/src/controllers/auth.controller.js:21:18)","timestamp":"2026-03-24T15:09:15.900Z"}
{"level":"info","message":"::1 - - [24/Mar/2026:15:09:15 +0000] \"POST /api/auth/sign-up HTTP/1.1\" 409 32 \"-\" \"HTTPie\"","service":"acquisitions-api","timestamp":"2026-03-24T15:09:15.908Z"}
{"level":"info","message":"User abcd@mail.com created successfully","service":"acquisitions-api","timestamp":"2026-03-24T15:09:30.900Z"}
{"level":"error","message":"Signup error cookies.set is not a function","service":"acquisitions-api","stack":"TypeError: cookies.set is not a function\n    at signup (file:///C:/Users/91932/OneDrive/Desktop/Production-Ready%20API/aquisitions/src/controllers/auth.controller.js:29:13)\n    at process.processTicksAndRejections (node:internal/process/task_queues:103:5)","timestamp":"2026-03-24T15:09:30.906Z"}
{"level":"info","message":"::1 - - [24/Mar/2026:15:09:30 +0000] \"POST /api/auth/sign-up HTTP/1.1\" 500 408 \"-\" \"HTTPie\"","service":"acquisitions-api","timestamp":"2026-03-24T15:09:30.908Z"}
{"level":"info","message":"User abcde@mail.com created successfully","service":"acquisitions-api","timestamp":"2026-03-24T15:09:51.539Z"}
{"level":"error","message":"Signup error cookies.set is not a function","service":"acquisitions-api","stack":"TypeError: cookies.set is not a function\n    at signup (file:///C:/Users/91932/OneDrive/Desktop/Production-Ready%20API/aquisitions/src/controllers/auth.controller.js:29:13)\n    at process.processTicksAndRejections (node:internal/process/task_queues:103:5)","timestamp":"2026-03-24T15:09:51.541Z"}
{"level":"info","message":"::1 - - [24/Mar/2026:15:09:51 +0000] \"POST /api/auth/sign-up HTTP/1.1\" 500 408 \"-\" \"HTTPie\"","service":"acquisitions-api","timestamp":"2026-03-24T15:09:51.543Z"}
{"level":"error","message":"Error creating user: Error: User with this email already exists","service":"acquisitions-api","timestamp":"2026-03-24T15:10:17.614Z"}
{"level":"error","message":"Signup error User with this email already exists","service":"acquisitions-api","stack":"Error: User with this email already exists\n    at createUser (file:///C:/Users/91932/OneDrive/Desktop/Production-Ready%20API/aquisitions/src/services/auth.service.js:25:13)\n    at process.processTicksAndRejections (node:internal/process/task_queues:103:5)\n    at async signup (file:///C:/Users/91932/OneDrive/Desktop/Production-Ready%20API/aquisitions/src/controllers/auth.controller.js:21:18)","timestamp":"2026-03-24T15:10:17.615Z"}
{"level":"info","message":"::1 - - [24/Mar/2026:15:10:17 +0000] \"POST /api/auth/sign-up HTTP/1.1\" 409 32 \"-\" \"HTTPie\"","service":"acquisitions-api","timestamp":"2026-03-24T15:10:17.617Z"}
{"level":"info","message":"User 1223e@mail.com created successfully","service":"acquisitions-api","timestamp":"2026-03-24T15:10:34.577Z"}
{"level":"error","message":"Signup error cookies.set is not a function","service":"acquisitions-api","stack":"TypeError: cookies.set is not a function\n    at signup (file:///C:/Users/91932/OneDrive/Desktop/Production-Ready%20API/aquisitions/src/controllers/auth.controller.js:29:13)\n    at process.processTicksAndRejections (node:internal/process/task_queues:103:5)","timestamp":"2026-03-24T15:10:34.579Z"}
{"level":"info","message":"::1 - - [24/Mar/2026:15:10:34 +0000] \"POST /api/auth/sign-up HTTP/1.1\" 500 408 \"-\" \"HTTPie\"","service":"acquisitions-api","timestamp":"2026-03-24T15:10:34.587Z"}
{"level":"error","message":"Error creating user: Error: User with this email already exists","service":"acquisitions-api","timestamp":"2026-03-24T15:16:44.902Z"}
{"level":"error","message":"Signup error User with this email already exists","service":"acquisitions-api","stack":"Error: User with this email already exists\n    at createUser (file:///C:/Users/91932/OneDrive/Desktop/Production-Ready%20API/aquisitions/src/services/auth.service.js:25:13)\n    at process.processTicksAndRejections (node:internal/process/task_queues:103:5)\n    at async signup (file:///C:/Users/91932/OneDrive/Desktop/Production-Ready%20API/aquisitions/src/controllers/auth.controller.js:21:18)","timestamp":"2026-03-24T15:16:44.907Z"}
{"level":"info","message":"::1 - - [24/Mar/2026:15:16:44 +0000] \"POST /api/auth/sign-up HTTP/1.1\" 409 32 \"-\" \"HTTPie\"","service":"acquisitions-api","timestamp":"2026-03-24T15:16:44.912Z"}
{"level":"error","message":"Error creating user: Error: Failed query: select \"id\", \"name\", \"email\", \"password\", \"role\", \"created_at\", \"updated_at\" from \"users\" where \"users\".\"email\" = $1 limit $2\nparams: 1223e@mail.com,1","service":"acquisitions-api","timestamp":"2026-03-24T17:50:58.185Z"}
{"cause":{"name":"NeonDbError","sourceError":{}},"level":"error","message":"Signup error Failed query: select \"id\", \"name\", \"email\", \"password\", \"role\", \"created_at\", \"updated_at\" from \"users\" where \"users\".\"email\" = $1 limit $2\nparams: 1223e@mail.com,1","params":["1223e@mail.com",1],"query":"select \"id\", \"name\", \"email\", \"password\", \"role\", \"created_at\", \"updated_at\" from \"users\" where \"users\".\"email\" = $1 limit $2","service":"acquisitions-api","stack":"Error: Failed query: select \"id\", \"name\", \"email\", \"password\", \"role\", \"created_at\", \"updated_at\" from \"users\" where \"users\".\"email\" = $1 limit $2\nparams: 1223e@mail.com,1\n    at NeonHttpPreparedQuery.queryWithCache (file:///C:/Users/91932/OneDrive/Desktop/Production-Ready%20API/aquisitions/node_modules/drizzle-orm/pg-core/session.js:41:15)\n    at process.processTicksAndRejections (node:internal/process/task_queues:103:5)\n    at async NeonHttpPreparedQuery.execute (file:///C:/Users/91932/OneDrive/Desktop/Production-Ready%20API/aquisitions/node_modules/drizzle-orm/neon-http/session.js:45:20)\n    at async createUser (file:///C:/Users/91932/OneDrive/Desktop/Production-Ready%20API/aquisitions/src/services/auth.service.js:18:26)\n    at async signup (file:///C:/Users/91932/OneDrive/Desktop/Production-Ready%20API/aquisitions/src/controllers/auth.controller.js:21:18)","timestamp":"2026-03-24T17:50:58.197Z"}
{"level":"info","message":"::1 - - [24/Mar/2026:17:50:58 +0000] \"POST /api/auth/sign-up HTTP/1.1\" 500 1166 \"-\" \"HTTPie\"","service":"acquisitions-api","timestamp":"2026-03-24T17:50:58.206Z"}
{"level":"info","message":"::1 - - [24/Mar/2026:17:51:36 +0000] \"POST /api/auth/sign-up HTTP/1.1\" 400 196 \"-\" \"HTTPie\"","service":"acquisitions-api","timestamp":"2026-03-24T17:51:36.454Z"}
{"level":"info","message":"::1 - - [24/Mar/2026:17:53:13 +0000] \"POST /api/auth/sign-up HTTP/1.1\" 400 91 \"-\" \"HTTPie\"","service":"acquisitions-api","timestamp":"2026-03-24T17:53:13.613Z"}
{"level":"info","message":"User abcs@mail.com created successfully","service":"acquisitions-api","timestamp":"2026-03-24T17:53:27.224Z"}
{"level":"error","message":"Signup error cookies.set is not a function","service":"acquisitions-api","stack":"TypeError: cookies.set is not a function\n    at signup (file:///C:/Users/91932/OneDrive/Desktop/Production-Ready%20API/aquisitions/src/controllers/auth.controller.js:29:13)\n    at process.processTicksAndRejections (node:internal/process/task_queues:103:5)","timestamp":"2026-03-24T17:53:27.236Z"}
{"level":"info","message":"::1 - - [24/Mar/2026:17:53:27 +0000] \"POST /api/auth/sign-up HTTP/1.1\" 500 408 \"-\" \"HTTPie\"","service":"acquisitions-api","timestamp":"2026-03-24T17:53:27.240Z"}
{"level":"error","message":"Error creating user: Error: User with this email already exists","service":"acquisitions-api","timestamp":"2026-03-24T17:57:38.167Z"}
{"level":"error","message":"Signup error User with this email already exists","service":"acquisitions-api","stack":"Error: User with this email already exists\n    at createUser (file:///C:/Users/91932/OneDrive/Desktop/Production-Ready%20API/aquisitions/src/services/auth.service.js:25:13)\n    at process.processTicksAndRejections (node:internal/process/task_queues:103:5)\n    at async signup (file:///C:/Users/91932/OneDrive/Desktop/Production-Ready%20API/aquisitions/src/controllers/auth.controller.js:21:18)","timestamp":"2026-03-24T17:57:38.177Z"}
{"level":"info","message":"::1 - - [24/Mar/2026:17:57:38 +0000] \"POST /api/auth/sign-up HTTP/1.1\" 409 32 \"-\" \"HTTPie\"","service":"acquisitions-api","timestamp":"2026-03-24T17:57:38.190Z"}
{"level":"info","message":"User pradn@mail.com created successfully","service":"acquisitions-api","timestamp":"2026-03-24T17:57:56.374Z"}
{"level":"error","message":"Signup error cookies.set is not a function","service":"acquisitions-api","stack":"TypeError: cookies.set is not a function\n    at signup (file:///C:/Users/91932/OneDrive/Desktop/Production-Ready%20API/aquisitions/src/controllers/auth.controller.js:29:13)\n    at process.processTicksAndRejections (node:internal/process/task_queues:103:5)","timestamp":"2026-03-24T17:57:56.383Z"}
{"level":"info","message":"::1 - - [24/Mar/2026:17:57:56 +0000] \"POST /api/auth/sign-up HTTP/1.1\" 500 408 \"-\" \"HTTPie\"","service":"acquisitions-api","timestamp":"2026-03-24T17:57:56.389Z"}
{"level":"error","message":"Error creating user: Error: User with this email already exists","service":"acquisitions-api","timestamp":"2026-03-24T18:06:36.837Z"}
{"level":"error","message":"Signup error User with this email already exists","service":"acquisitions-api","stack":"Error: User with this email already exists\n    at createUser (file:///C:/Users/91932/OneDrive/Desktop/Production-Ready%20API/aquisitions/src/services/auth.service.js:25:13)\n    at process.processTicksAndRejections (node:internal/process/task_queues:103:5)\n    at async signup (file:///C:/Users/91932/OneDrive/Desktop/Production-Ready%20API/aquisitions/src/controllers/auth.controller.js:21:18)","timestamp":"2026-03-24T18:06:36.848Z"}
{"level":"info","message":"::1 - - [24/Mar/2026:18:06:36 +0000] \"POST /api/auth/sign-up HTTP/1.1\" 409 32 \"-\" \"HTTPie\"","service":"acquisitions-api","timestamp":"2026-03-24T18:06:36.861Z"}
{"level":"error","message":"Error creating the user: Error: User with this email already exists","service":"acquisitions-api","timestamp":"2026-03-24T18:14:40.425Z"}
{"level":"error","message":"Signup error User with this email already exists","service":"acquisitions-api","stack":"Error: User with this email already exists\n    at createUser (file:///C:/Users/91932/OneDrive/Desktop/Production-Ready%20API/aquisitions/src/services/auth.service.js:34:13)\n    at process.processTicksAndRejections (node:internal/process/task_queues:103:5)\n    at async signup (file:///C:/Users/91932/OneDrive/Desktop/Production-Ready%20API/aquisitions/src/controllers/auth.controller.js:21:18)","timestamp":"2026-03-24T18:14:40.459Z"}
{"level":"info","message":"::1 - - [24/Mar/2026:18:14:40 +0000] \"POST /api/auth/sign-up HTTP/1.1\" 409 31 \"-\" \"HTTPie\"","service":"acquisitions-api","timestamp":"2026-03-24T18:14:40.473Z"}
{"level":"info","message":"::1 - - [24/Mar/2026:18:15:08 +0000] \"POST /api/auth/sign-in HTTP/1.1\" 200 31 \"-\" \"HTTPie\"","service":"acquisitions-api","timestamp":"2026-03-24T18:15:08.701Z"}
{"level":"error","message":"Error creating the user: Error: User with this email already exists","service":"acquisitions-api","timestamp":"2026-03-24T18:16:51.263Z"}
{"level":"error","message":"Signup error User with this email already exists","service":"acquisitions-api","stack":"Error: User with this email already exists\n    at createUser (file:///C:/Users/91932/OneDrive/Desktop/Production-Ready%20API/aquisitions/src/services/auth.service.js:34:13)\n    at process.processTicksAndRejections (node:internal/process/task_queues:103:5)\n    at async signup (file:///C:/Users/91932/OneDrive/Desktop/Production-Ready%20API/aquisitions/src/controllers/auth.controller.js:21:18)","timestamp":"2026-03-24T18:16:51.265Z"}
{"level":"info","message":"::1 - - [24/Mar/2026:18:16:51 +0000] \"POST /api/auth/sign-up HTTP/1.1\" 409 31 \"-\" \"HTTPie\"","service":"acquisitions-api","timestamp":"2026-03-24T18:16:51.268Z"}
{"level":"info","message":"::1 - - [24/Mar/2026:18:16:58 +0000] \"POST /api/auth/sign-up HTTP/1.1\" 400 92 \"-\" \"HTTPie\"","service":"acquisitions-api","timestamp":"2026-03-24T18:16:58.174Z"}
{"level":"info","message":"User adriea@lin.com created successfully","service":"acquisitions-api","timestamp":"2026-03-24T18:18:24.658Z"}
{"level":"info","message":"User registered successfully: adriea@lin.com","service":"acquisitions-api","timestamp":"2026-03-24T18:18:24.673Z"}
{"level":"info","message":"::1 - - [24/Mar/2026:18:18:24 +0000] \"POST /api/auth/sign-up HTTP/1.1\" 201 100 \"-\" \"HTTPie\"","service":"acquisitions-api","timestamp":"2026-03-24T18:18:24.676Z"}
{"level":"info","message":"::1 - - [12/Apr/2026:08:46:37 +0000] \"POST /api/auth/sign-in HTTP/1.1\" 200 31 \"-\" \"HTTPie\"","service":"acquisitions-api","timestamp":"2026-04-12T08:46:37.477Z"}
{"level":"info","message":"User adriea@lin.com authenticated successfully","service":"acquisitions-api","timestamp":"2026-04-12T08:54:33.247Z"}
{"level":"info","message":"User signed in successfully: adriea@lin.com","service":"acquisitions-api","timestamp":"2026-04-12T08:54:33.269Z"}
{"level":"info","message":"::1 - - [12/Apr/2026:08:54:33 +0000] \"POST /api/auth/sign-in HTTP/1.1\" 200 112 \"-\" \"HTTPie\"","service":"acquisitions-api","timestamp":"2026-04-12T08:54:33.281Z"}
{"level":"info","message":"User signed out successfully","service":"acquisitions-api","timestamp":"2026-04-12T08:55:18.756Z"}
{"level":"info","message":"::1 - - [12/Apr/2026:08:55:18 +0000] \"POST /api/auth/sign-out HTTP/1.1\" 200 42 \"-\" \"HTTPie\"","service":"acquisitions-api","timestamp":"2026-04-12T08:55:18.759Z"}
{"level":"info","message":"::1 - - [12/Apr/2026:09:33:30 +0000] \"GET /health HTTP/1.1\" 200 74 \"-\" \"HTTPie\"","service":"acquisitions-api","timestamp":"2026-04-12T09:33:30.535Z"}
{"level":"info","message":"::1 - - [12/Apr/2026:09:33:43 +0000] \"GET /health HTTP/1.1\" 200 74 \"-\" \"HTTPie\"","service":"acquisitions-api","timestamp":"2026-04-12T09:33:43.322Z"}
{"level":"info","message":"::1 - - [12/Apr/2026:09:33:44 +0000] \"GET /health HTTP/1.1\" 200 74 \"-\" \"HTTPie\"","service":"acquisitions-api","timestamp":"2026-04-12T09:33:44.309Z"}
{"level":"info","message":"::1 - - [12/Apr/2026:09:33:45 +0000] \"GET /health HTTP/1.1\" 200 74 \"-\" \"HTTPie\"","service":"acquisitions-api","timestamp":"2026-04-12T09:33:45.231Z"}
{"level":"info","message":"::1 - - [12/Apr/2026:09:33:46 +0000] \"GET /health HTTP/1.1\" 200 74 \"-\" \"HTTPie\"","service":"acquisitions-api","timestamp":"2026-04-12T09:33:46.181Z"}
{"level":"info","message":"::1 - - [12/Apr/2026:09:33:47 +0000] \"GET /health HTTP/1.1\" 200 74 \"-\" \"HTTPie\"","service":"acquisitions-api","timestamp":"2026-04-12T09:33:47.074Z"}
{"level":"info","message":"::1 - - [12/Apr/2026:09:33:47 +0000] \"GET /health HTTP/1.1\" 200 73 \"-\" \"HTTPie\"","service":"acquisitions-api","timestamp":"2026-04-12T09:33:47.906Z"}
{"level":"info","message":"::1 - - [12/Apr/2026:09:33:48 +0000] \"GET /health HTTP/1.1\" 200 73 \"-\" \"HTTPie\"","service":"acquisitions-api","timestamp":"2026-04-12T09:33:48.814Z"}
{"level":"info","message":"::1 - - [12/Apr/2026:09:33:49 +0000] \"GET /health HTTP/1.1\" 200 74 \"-\" \"HTTPie\"","service":"acquisitions-api","timestamp":"2026-04-12T09:33:49.668Z"}
{"level":"info","message":"::1 - - [12/Apr/2026:09:33:50 +0000] \"GET /health HTTP/1.1\" 200 74 \"-\" \"HTTPie\"","service":"acquisitions-api","timestamp":"2026-04-12T09:33:50.043Z"}
{"level":"info","message":"::1 - - [12/Apr/2026:09:33:50 +0000] \"GET /health HTTP/1.1\" 200 74 \"-\" \"HTTPie\"","service":"acquisitions-api","timestamp":"2026-04-12T09:33:50.365Z"}
{"level":"info","message":"::1 - - [12/Apr/2026:09:33:50 +0000] \"GET /health HTTP/1.1\" 200 74 \"-\" \"HTTPie\"","service":"acquisitions-api","timestamp":"2026-04-12T09:33:50.581Z"}
{"level":"info","message":"::1 - - [12/Apr/2026:09:33:50 +0000] \"GET /health HTTP/1.1\" 200 74 \"-\" \"HTTPie\"","service":"acquisitions-api","timestamp":"2026-04-12T09:33:50.962Z"}
{"level":"info","message":"::1 - - [12/Apr/2026:09:33:51 +0000] \"GET /health HTTP/1.1\" 200 74 \"-\" \"HTTPie\"","service":"acquisitions-api","timestamp":"2026-04-12T09:33:51.371Z"}
{"level":"info","message":"::1 - - [12/Apr/2026:09:33:51 +0000] \"GET /health HTTP/1.1\" 200 74 \"-\" \"HTTPie\"","service":"acquisitions-api","timestamp":"2026-04-12T09:33:51.685Z"}
{"level":"info","message":"::1 - - [12/Apr/2026:09:33:52 +0000] \"GET /health HTTP/1.1\" 200 74 \"-\" \"HTTPie\"","service":"acquisitions-api","timestamp":"2026-04-12T09:33:52.088Z"}
{"level":"info","message":"::1 - - [12/Apr/2026:09:33:52 +0000] \"GET /health HTTP/1.1\" 200 74 \"-\" \"HTTPie\"","service":"acquisitions-api","timestamp":"2026-04-12T09:33:52.499Z"}
{"level":"info","message":"::1 - - [12/Apr/2026:09:33:52 +0000] \"GET /health HTTP/1.1\" 200 73 \"-\" \"HTTPie\"","service":"acquisitions-api","timestamp":"2026-04-12T09:33:52.805Z"}
{"level":"info","message":"::1 - - [12/Apr/2026:09:33:53 +0000] \"GET /health HTTP/1.1\" 200 74 \"-\" \"HTTPie\"","service":"acquisitions-api","timestamp":"2026-04-12T09:33:53.114Z"}
{"level":"info","message":"::1 - - [12/Apr/2026:09:33:53 +0000] \"GET /health HTTP/1.1\" 200 74 \"-\" \"HTTPie\"","service":"acquisitions-api","timestamp":"2026-04-12T09:33:53.419Z"}
{"level":"info","message":"::1 - - [12/Apr/2026:09:33:53 +0000] \"GET /health HTTP/1.1\" 200 74 \"-\" \"HTTPie\"","service":"acquisitions-api","timestamp":"2026-04-12T09:33:53.830Z"}
{"level":"info","message":"::1 - - [12/Apr/2026:09:33:54 +0000] \"GET /health HTTP/1.1\" 200 74 \"-\" \"HTTPie\"","service":"acquisitions-api","timestamp":"2026-04-12T09:33:54.135Z"}
{"level":"info","message":"::1 - - [12/Apr/2026:09:33:54 +0000] \"GET /health HTTP/1.1\" 200 74 \"-\" \"HTTPie\"","service":"acquisitions-api","timestamp":"2026-04-12T09:33:54.442Z"}
{"level":"info","message":"::1 - - [12/Apr/2026:09:33:54 +0000] \"GET /health HTTP/1.1\" 200 74 \"-\" \"HTTPie\"","service":"acquisitions-api","timestamp":"2026-04-12T09:33:54.750Z"}
{"level":"info","message":"::1 - - [12/Apr/2026:09:33:55 +0000] \"GET /health HTTP/1.1\" 200 73 \"-\" \"HTTPie\"","service":"acquisitions-api","timestamp":"2026-04-12T09:33:55.263Z"}
{"level":"info","message":"::1 - - [12/Apr/2026:09:33:55 +0000] \"GET /health HTTP/1.1\" 200 74 \"-\" \"HTTPie\"","service":"acquisitions-api","timestamp":"2026-04-12T09:33:55.570Z"}
{"level":"info","message":"::1 - - [12/Apr/2026:09:33:55 +0000] \"GET /health HTTP/1.1\" 200 74 \"-\" \"HTTPie\"","service":"acquisitions-api","timestamp":"2026-04-12T09:33:55.876Z"}
{"level":"info","message":"::1 - - [12/Apr/2026:09:33:56 +0000] \"GET /health HTTP/1.1\" 200 74 \"-\" \"HTTPie\"","service":"acquisitions-api","timestamp":"2026-04-12T09:33:56.286Z"}
{"level":"info","message":"::1 - - [12/Apr/2026:09:33:56 +0000] \"GET /health HTTP/1.1\" 200 74 \"-\" \"HTTPie\"","service":"acquisitions-api","timestamp":"2026-04-12T09:33:56.626Z"}
{"level":"info","message":"::1 - - [12/Apr/2026:09:33:56 +0000] \"GET /health HTTP/1.1\" 200 74 \"-\" \"HTTPie\"","service":"acquisitions-api","timestamp":"2026-04-12T09:33:56.900Z"}
{"level":"info","message":"::1 - - [12/Apr/2026:09:33:57 +0000] \"GET /health HTTP/1.1\" 200 74 \"-\" \"HTTPie\"","service":"acquisitions-api","timestamp":"2026-04-12T09:33:57.313Z"}
{"level":"info","message":"::1 - - [12/Apr/2026:09:33:57 +0000] \"GET /health HTTP/1.1\" 200 74 \"-\" \"HTTPie\"","service":"acquisitions-api","timestamp":"2026-04-12T09:33:57.616Z"}
{"level":"info","message":"::1 - - [12/Apr/2026:09:33:58 +0000] \"GET /health HTTP/1.1\" 200 74 \"-\" \"HTTPie\"","service":"acquisitions-api","timestamp":"2026-04-12T09:33:58.028Z"}
{"level":"info","message":"::1 - - [12/Apr/2026:09:33:58 +0000] \"GET /health HTTP/1.1\" 200 74 \"-\" \"HTTPie\"","service":"acquisitions-api","timestamp":"2026-04-12T09:33:58.346Z"}
{"level":"info","message":"::1 - - [12/Apr/2026:09:33:58 +0000] \"GET /health HTTP/1.1\" 200 74 \"-\" \"HTTPie\"","service":"acquisitions-api","timestamp":"2026-04-12T09:33:58.744Z"}
{"level":"info","message":"::1 - - [12/Apr/2026:09:33:59 +0000] \"GET /health HTTP/1.1\" 200 74 \"-\" \"HTTPie\"","service":"acquisitions-api","timestamp":"2026-04-12T09:33:59.050Z"}
{"level":"info","message":"::1 - - [12/Apr/2026:09:33:59 +0000] \"GET /health HTTP/1.1\" 200 74 \"-\" \"HTTPie\"","service":"acquisitions-api","timestamp":"2026-04-12T09:33:59.359Z"}
{"level":"info","message":"::1 - - [12/Apr/2026:09:33:59 +0000] \"GET /health HTTP/1.1\" 200 74 \"-\" \"HTTPie\"","service":"acquisitions-api","timestamp":"2026-04-12T09:33:59.672Z"}
{"level":"info","message":"::1 - - [12/Apr/2026:09:33:59 +0000] \"GET /health HTTP/1.1\" 200 74 \"-\" \"HTTPie\"","service":"acquisitions-api","timestamp":"2026-04-12T09:33:59.971Z"}
{"level":"info","message":"::1 - - [12/Apr/2026:09:34:00 +0000] \"GET /health HTTP/1.1\" 200 74 \"-\" \"HTTPie\"","service":"acquisitions-api","timestamp":"2026-04-12T09:34:00.279Z"}
{"level":"info","message":"::1 - - [12/Apr/2026:09:34:00 +0000] \"GET /health HTTP/1.1\" 200 73 \"-\" \"HTTPie\"","service":"acquisitions-api","timestamp":"2026-04-12T09:34:00.690Z"}
{"level":"info","message":"::1 - - [12/Apr/2026:09:34:01 +0000] \"GET /health HTTP/1.1\" 200 74 \"-\" \"HTTPie\"","service":"acquisitions-api","timestamp":"2026-04-12T09:34:01.099Z"}
{"level":"info","message":"::1 - - [12/Apr/2026:09:34:01 +0000] \"GET /health HTTP/1.1\" 200 74 \"-\" \"HTTPie\"","service":"acquisitions-api","timestamp":"2026-04-12T09:34:01.407Z"}
{"level":"info","message":"::1 - - [12/Apr/2026:09:34:01 +0000] \"GET /health HTTP/1.1\" 200 74 \"-\" \"HTTPie\"","service":"acquisitions-api","timestamp":"2026-04-12T09:34:01.712Z"}
{"level":"info","message":"::1 - - [12/Apr/2026:09:34:02 +0000] \"GET /health HTTP/1.1\" 200 74 \"-\" \"HTTPie\"","service":"acquisitions-api","timestamp":"2026-04-12T09:34:02.022Z"}
{"level":"info","message":"::1 - - [12/Apr/2026:09:34:02 +0000] \"GET /health HTTP/1.1\" 200 74 \"-\" \"HTTPie\"","service":"acquisitions-api","timestamp":"2026-04-12T09:34:02.430Z"}
{"level":"info","message":"::1 - - [12/Apr/2026:09:34:02 +0000] \"GET /health HTTP/1.1\" 200 74 \"-\" \"HTTPie\"","service":"acquisitions-api","timestamp":"2026-04-12T09:34:02.735Z"}
{"level":"info","message":"::1 - - [12/Apr/2026:09:34:03 +0000] \"GET /health HTTP/1.1\" 200 74 \"-\" \"HTTPie\"","service":"acquisitions-api","timestamp":"2026-04-12T09:34:03.043Z"}
{"level":"info","message":"::1 - - [12/Apr/2026:09:34:03 +0000] \"GET /health HTTP/1.1\" 200 74 \"-\" \"HTTPie\"","service":"acquisitions-api","timestamp":"2026-04-12T09:34:03.354Z"}
{"level":"info","message":"::1 - - [12/Apr/2026:09:34:03 +0000] \"GET /health HTTP/1.1\" 200 74 \"-\" \"HTTPie\"","service":"acquisitions-api","timestamp":"2026-04-12T09:34:03.660Z"}
{"level":"info","message":"::1 - - [12/Apr/2026:09:34:03 +0000] \"GET /health HTTP/1.1\" 200 74 \"-\" \"HTTPie\"","service":"acquisitions-api","timestamp":"2026-04-12T09:34:03.965Z"}
{"level":"info","message":"::1 - - [12/Apr/2026:09:34:04 +0000] \"GET /health HTTP/1.1\" 200 74 \"-\" \"HTTPie\"","service":"acquisitions-api","timestamp":"2026-04-12T09:34:04.274Z"}
{"level":"info","message":"::1 - - [12/Apr/2026:09:34:04 +0000] \"GET /health HTTP/1.1\" 200 73 \"-\" \"HTTPie\"","service":"acquisitions-api","timestamp":"2026-04-12T09:34:04.593Z"}
{"level":"info","message":"::1 - - [12/Apr/2026:09:34:04 +0000] \"GET /health HTTP/1.1\" 200 74 \"-\" \"HTTPie\"","service":"acquisitions-api","timestamp":"2026-04-12T09:34:04.990Z"}
{"level":"info","message":"::1 - - [12/Apr/2026:09:34:05 +0000] \"GET /health HTTP/1.1\" 200 74 \"-\" \"HTTPie\"","service":"acquisitions-api","timestamp":"2026-04-12T09:34:05.400Z"}
{"level":"info","message":"::1 - - [12/Apr/2026:09:34:05 +0000] \"GET /health HTTP/1.1\" 200 74 \"-\" \"HTTPie\"","service":"acquisitions-api","timestamp":"2026-04-12T09:34:05.810Z"}
{"level":"info","message":"::1 - - [12/Apr/2026:09:34:06 +0000] \"GET /health HTTP/1.1\" 200 74 \"-\" \"HTTPie\"","service":"acquisitions-api","timestamp":"2026-04-12T09:34:06.222Z"}
{"level":"info","message":"::1 - - [12/Apr/2026:09:34:06 +0000] \"GET /health HTTP/1.1\" 200 74 \"-\" \"HTTPie\"","service":"acquisitions-api","timestamp":"2026-04-12T09:34:06.629Z"}
{"level":"info","message":"::1 - - [12/Apr/2026:09:34:07 +0000] \"GET /health HTTP/1.1\" 200 74 \"-\" \"HTTPie\"","service":"acquisitions-api","timestamp":"2026-04-12T09:34:07.040Z"}
{"level":"info","message":"::1 - - [12/Apr/2026:09:34:07 +0000] \"GET /health HTTP/1.1\" 200 74 \"-\" \"HTTPie\"","service":"acquisitions-api","timestamp":"2026-04-12T09:34:07.551Z"}
{"level":"info","message":"::1 - - [12/Apr/2026:09:34:07 +0000] \"GET /health HTTP/1.1\" 200 74 \"-\" \"HTTPie\"","service":"acquisitions-api","timestamp":"2026-04-12T09:34:07.858Z"}
{"level":"info","message":"::1 - - [12/Apr/2026:09:34:08 +0000] \"GET /health HTTP/1.1\" 200 74 \"-\" \"HTTPie\"","service":"acquisitions-api","timestamp":"2026-04-12T09:34:08.165Z"}
{"level":"info","message":"::1 - - [12/Apr/2026:09:34:08 +0000] \"GET /health HTTP/1.1\" 200 73 \"-\" \"HTTPie\"","service":"acquisitions-api","timestamp":"2026-04-12T09:34:08.423Z"}
{"level":"info","message":"::1 - - [12/Apr/2026:09:34:08 +0000] \"GET /health HTTP/1.1\" 200 74 \"-\" \"HTTPie\"","service":"acquisitions-api","timestamp":"2026-04-12T09:34:08.695Z"}
{"level":"info","message":"::1 - - [12/Apr/2026:09:34:09 +0000] \"GET /health HTTP/1.1\" 200 74 \"-\" \"HTTPie\"","service":"acquisitions-api","timestamp":"2026-04-12T09:34:09.087Z"}
{"level":"info","message":"::1 - - [12/Apr/2026:09:34:09 +0000] \"GET /health HTTP/1.1\" 200 74 \"-\" \"HTTPie\"","service":"acquisitions-api","timestamp":"2026-04-12T09:34:09.393Z"}
{"level":"info","message":"::1 - - [12/Apr/2026:09:34:09 +0000] \"GET /health HTTP/1.1\" 200 74 \"-\" \"HTTPie\"","service":"acquisitions-api","timestamp":"2026-04-12T09:34:09.700Z"}
{"level":"info","message":"::1 - - [12/Apr/2026:09:34:10 +0000] \"GET /health HTTP/1.1\" 200 74 \"-\" \"HTTPie\"","service":"acquisitions-api","timestamp":"2026-04-12T09:34:10.111Z"}
{"level":"info","message":"::1 - - [12/Apr/2026:09:34:10 +0000] \"GET /health HTTP/1.1\" 200 74 \"-\" \"HTTPie\"","service":"acquisitions-api","timestamp":"2026-04-12T09:34:10.518Z"}
{"level":"info","message":"::1 - - [12/Apr/2026:09:34:10 +0000] \"GET /health HTTP/1.1\" 200 74 \"-\" \"HTTPie\"","service":"acquisitions-api","timestamp":"2026-04-12T09:34:10.821Z"}
{"level":"info","message":"::1 - - [12/Apr/2026:09:34:11 +0000] \"GET /health HTTP/1.1\" 200 73 \"-\" \"HTTPie\"","service":"acquisitions-api","timestamp":"2026-04-12T09:34:11.131Z"}
{"level":"info","message":"::1 - - [12/Apr/2026:09:34:11 +0000] \"GET /health HTTP/1.1\" 200 74 \"-\" \"HTTPie\"","service":"acquisitions-api","timestamp":"2026-04-12T09:34:11.438Z"}
{"level":"info","message":"::1 - - [12/Apr/2026:09:34:11 +0000] \"GET /health HTTP/1.1\" 200 74 \"-\" \"HTTPie\"","service":"acquisitions-api","timestamp":"2026-04-12T09:34:11.846Z"}
{"level":"info","message":"::1 - - [12/Apr/2026:09:34:12 +0000] \"GET /health HTTP/1.1\" 200 73 \"-\" \"HTTPie\"","service":"acquisitions-api","timestamp":"2026-04-12T09:34:12.258Z"}
{"level":"info","message":"::1 - - [12/Apr/2026:09:34:12 +0000] \"GET /health HTTP/1.1\" 200 74 \"-\" \"HTTPie\"","service":"acquisitions-api","timestamp":"2026-04-12T09:34:12.579Z"}
{"level":"info","message":"::1 - - [12/Apr/2026:09:34:12 +0000] \"GET /health HTTP/1.1\" 200 74 \"-\" \"HTTPie\"","service":"acquisitions-api","timestamp":"2026-04-12T09:34:12.870Z"}
{"level":"info","message":"::1 - - [12/Apr/2026:09:34:13 +0000] \"GET /health HTTP/1.1\" 200 74 \"-\" \"HTTPie\"","service":"acquisitions-api","timestamp":"2026-04-12T09:34:13.179Z"}
{"level":"info","message":"::1 - - [12/Apr/2026:09:34:13 +0000] \"GET /health HTTP/1.1\" 200 74 \"-\" \"HTTPie\"","service":"acquisitions-api","timestamp":"2026-04-12T09:34:13.469Z"}
{"level":"info","message":"::1 - - [12/Apr/2026:09:34:31 +0000] \"GET /health HTTP/1.1\" 200 74 \"-\" \"HTTPie\"","service":"acquisitions-api","timestamp":"2026-04-12T09:34:31.303Z"}
{"level":"info","message":"::1 - - [12/Apr/2026:09:40:02 +0000] \"GET /health HTTP/1.1\" 200 73 \"-\" \"HTTPie\"","service":"acquisitions-api","timestamp":"2026-04-12T09:40:02.401Z"}
{"level":"info","message":"::1 - - [12/Apr/2026:09:40:03 +0000] \"GET /health HTTP/1.1\" 200 74 \"-\" \"HTTPie\"","service":"acquisitions-api","timestamp":"2026-04-12T09:40:03.231Z"}
{"level":"info","message":"::1 - - [12/Apr/2026:09:40:03 +0000] \"GET /health HTTP/1.1\" 200 74 \"-\" \"HTTPie\"","service":"acquisitions-api","timestamp":"2026-04-12T09:40:03.904Z"}
{"level":"info","message":"::1 - - [12/Apr/2026:09:40:04 +0000] \"GET /health HTTP/1.1\" 200 74 \"-\" \"HTTPie\"","service":"acquisitions-api","timestamp":"2026-04-12T09:40:04.504Z"}
{"level":"info","message":"::1 - - [12/Apr/2026:09:40:05 +0000] \"GET /health HTTP/1.1\" 200 74 \"-\" \"HTTPie\"","service":"acquisitions-api","timestamp":"2026-04-12T09:40:05.123Z"}
{"level":"info","message":"::1 - - [12/Apr/2026:09:40:05 +0000] \"GET /health HTTP/1.1\" 200 74 \"-\" \"HTTPie\"","service":"acquisitions-api","timestamp":"2026-04-12T09:40:05.324Z"}
{"level":"info","message":"::1 - - [12/Apr/2026:09:40:05 +0000] \"GET /health HTTP/1.1\" 200 73 \"-\" \"HTTPie\"","service":"acquisitions-api","timestamp":"2026-04-12T09:40:05.507Z"}
{"level":"info","message":"::1 - - [12/Apr/2026:09:40:05 +0000] \"GET /health HTTP/1.1\" 200 74 \"-\" \"HTTPie\"","service":"acquisitions-api","timestamp":"2026-04-12T09:40:05.699Z"}
{"level":"info","message":"::1 - - [12/Apr/2026:09:40:05 +0000] \"GET /health HTTP/1.1\" 200 74 \"-\" \"HTTPie\"","service":"acquisitions-api","timestamp":"2026-04-12T09:40:05.878Z"}
{"level":"info","message":"::1 - - [12/Apr/2026:09:40:06 +0000] \"GET /health HTTP/1.1\" 200 74 \"-\" \"HTTPie\"","service":"acquisitions-api","timestamp":"2026-04-12T09:40:06.075Z"}
{"level":"info","message":"::1 - - [12/Apr/2026:09:40:06 +0000] \"GET /health HTTP/1.1\" 200 74 \"-\" \"HTTPie\"","service":"acquisitions-api","timestamp":"2026-04-12T09:40:06.245Z"}
{"level":"info","message":"::1 - - [12/Apr/2026:09:40:06 +0000] \"GET /health HTTP/1.1\" 200 74 \"-\" \"HTTPie\"","service":"acquisitions-api","timestamp":"2026-04-12T09:40:06.460Z"}
{"level":"info","message":"::1 - - [12/Apr/2026:09:40:06 +0000] \"GET /health HTTP/1.1\" 200 74 \"-\" \"HTTPie\"","service":"acquisitions-api","timestamp":"2026-04-12T09:40:06.615Z"}
{"level":"info","message":"::1 - - [12/Apr/2026:09:40:06 +0000] \"GET /health HTTP/1.1\" 200 74 \"-\" \"HTTPie\"","service":"acquisitions-api","timestamp":"2026-04-12T09:40:06.833Z"}
{"level":"info","message":"::1 - - [12/Apr/2026:09:40:06 +0000] \"GET /health HTTP/1.1\" 200 74 \"-\" \"HTTPie\"","service":"acquisitions-api","timestamp":"2026-04-12T09:40:06.966Z"}
{"level":"info","message":"::1 - - [12/Apr/2026:09:40:07 +0000] \"GET /health HTTP/1.1\" 200 74 \"-\" \"HTTPie\"","service":"acquisitions-api","timestamp":"2026-04-12T09:40:07.143Z"}
{"level":"info","message":"::1 - - [12/Apr/2026:09:40:07 +0000] \"GET /health HTTP/1.1\" 200 74 \"-\" \"HTTPie\"","service":"acquisitions-api","timestamp":"2026-04-12T09:40:07.339Z"}
{"level":"info","message":"::1 - - [12/Apr/2026:09:40:07 +0000] \"GET /health HTTP/1.1\" 200 74 \"-\" \"HTTPie\"","service":"acquisitions-api","timestamp":"2026-04-12T09:40:07.512Z"}
{"level":"info","message":"::1 - - [12/Apr/2026:09:40:07 +0000] \"GET /health HTTP/1.1\" 200 73 \"-\" \"HTTPie\"","service":"acquisitions-api","timestamp":"2026-04-12T09:40:07.707Z"}
{"level":"info","message":"::1 - - [12/Apr/2026:09:40:07 +0000] \"GET /health HTTP/1.1\" 200 74 \"-\" \"HTTPie\"","service":"acquisitions-api","timestamp":"2026-04-12T09:40:07.863Z"}
{"level":"info","message":"::1 - - [12/Apr/2026:09:40:08 +0000] \"GET /health HTTP/1.1\" 200 73 \"-\" \"HTTPie\"","service":"acquisitions-api","timestamp":"2026-04-12T09:40:08.058Z"}
{"level":"info","message":"::1 - - [12/Apr/2026:09:40:08 +0000] \"GET /health HTTP/1.1\" 200 74 \"-\" \"HTTPie\"","service":"acquisitions-api","timestamp":"2026-04-12T09:40:08.261Z"}
{"level":"info","message":"::1 - - [12/Apr/2026:09:40:08 +0000] \"GET /health HTTP/1.1\" 200 74 \"-\" \"HTTPie\"","service":"acquisitions-api","timestamp":"2026-04-12T09:40:08.428Z"}
{"level":"info","message":"::1 - - [12/Apr/2026:09:40:08 +0000] \"GET /health HTTP/1.1\" 200 74 \"-\" \"HTTPie\"","service":"acquisitions-api","timestamp":"2026-04-12T09:40:08.640Z"}
{"level":"info","message":"::1 - - [12/Apr/2026:09:40:08 +0000] \"GET /health HTTP/1.1\" 200 74 \"-\" \"HTTPie\"","service":"acquisitions-api","timestamp":"2026-04-12T09:40:08.848Z"}
{"level":"info","message":"::1 - - [12/Apr/2026:09:40:09 +0000] \"GET /health HTTP/1.1\" 200 74 \"-\" \"HTTPie\"","service":"acquisitions-api","timestamp":"2026-04-12T09:40:09.011Z"}
{"level":"info","message":"::1 - - [12/Apr/2026:09:40:09 +0000] \"GET /health HTTP/1.1\" 200 74 \"-\" \"HTTPie\"","service":"acquisitions-api","timestamp":"2026-04-12T09:40:09.196Z"}
{"level":"info","message":"::1 - - [12/Apr/2026:09:40:09 +0000] \"GET /health HTTP/1.1\" 200 74 \"-\" \"HTTPie\"","service":"acquisitions-api","timestamp":"2026-04-12T09:40:09.403Z"}
{"level":"info","message":"::1 - - [12/Apr/2026:09:40:09 +0000] \"GET /health HTTP/1.1\" 200 74 \"-\" \"HTTPie\"","service":"acquisitions-api","timestamp":"2026-04-12T09:40:09.596Z"}
{"level":"info","message":"::1 - - [12/Apr/2026:09:40:09 +0000] \"GET /health HTTP/1.1\" 200 74 \"-\" \"HTTPie\"","service":"acquisitions-api","timestamp":"2026-04-12T09:40:09.791Z"}
{"level":"info","message":"::1 - - [12/Apr/2026:09:40:09 +0000] \"GET /health HTTP/1.1\" 200 74 \"-\" \"HTTPie\"","service":"acquisitions-api","timestamp":"2026-04-12T09:40:09.961Z"}
{"level":"info","message":"::1 - - [12/Apr/2026:09:40:10 +0000] \"GET /health HTTP/1.1\" 200 74 \"-\" \"HTTPie\"","service":"acquisitions-api","timestamp":"2026-04-12T09:40:10.157Z"}
{"level":"info","message":"::1 - - [12/Apr/2026:09:40:10 +0000] \"GET /health HTTP/1.1\" 200 74 \"-\" \"HTTPie\"","service":"acquisitions-api","timestamp":"2026-04-12T09:40:10.353Z"}
{"level":"info","message":"::1 - - [12/Apr/2026:09:40:10 +0000] \"GET /health HTTP/1.1\" 200 74 \"-\" \"HTTPie\"","service":"acquisitions-api","timestamp":"2026-04-12T09:40:10.559Z"}
{"level":"info","message":"::1 - - [12/Apr/2026:09:40:10 +0000] \"GET /health HTTP/1.1\" 200 74 \"-\" \"HTTPie\"","service":"acquisitions-api","timestamp":"2026-04-12T09:40:10.757Z"}
{"level":"info","message":"::1 - - [12/Apr/2026:09:40:10 +0000] \"GET /health HTTP/1.1\" 200 74 \"-\" \"HTTPie\"","service":"acquisitions-api","timestamp":"2026-04-12T09:40:10.914Z"}
{"level":"info","message":"::1 - - [12/Apr/2026:09:40:11 +0000] \"GET /health HTTP/1.1\" 200 74 \"-\" \"HTTPie\"","service":"acquisitions-api","timestamp":"2026-04-12T09:40:11.121Z"}
{"level":"info","message":"::1 - - [12/Apr/2026:09:40:11 +0000] \"GET /health HTTP/1.1\" 200 74 \"-\" \"HTTPie\"","service":"acquisitions-api","timestamp":"2026-04-12T09:40:11.300Z"}
{"level":"info","message":"::1 - - [12/Apr/2026:09:40:11 +0000] \"GET /health HTTP/1.1\" 200 74 \"-\" \"HTTPie\"","service":"acquisitions-api","timestamp":"2026-04-12T09:40:11.485Z"}
{"level":"info","message":"::1 - - [12/Apr/2026:09:40:11 +0000] \"GET /health HTTP/1.1\" 200 74 \"-\" \"HTTPie\"","service":"acquisitions-api","timestamp":"2026-04-12T09:40:11.688Z"}
{"level":"info","message":"::1 - - [12/Apr/2026:09:40:11 +0000] \"GET /health HTTP/1.1\" 200 74 \"-\" \"HTTPie\"","service":"acquisitions-api","timestamp":"2026-04-12T09:40:11.870Z"}
{"level":"info","message":"::1 - - [12/Apr/2026:09:40:12 +0000] \"GET /health HTTP/1.1\" 200 74 \"-\" \"HTTPie\"","service":"acquisitions-api","timestamp":"2026-04-12T09:40:12.068Z"}
{"level":"info","message":"::1 - - [12/Apr/2026:09:40:12 +0000] \"GET /health HTTP/1.1\" 200 74 \"-\" \"HTTPie\"","service":"acquisitions-api","timestamp":"2026-04-12T09:40:12.234Z"}
{"level":"info","message":"::1 - - [12/Apr/2026:09:40:12 +0000] \"GET /health HTTP/1.1\" 200 74 \"-\" \"HTTPie\"","service":"acquisitions-api","timestamp":"2026-04-12T09:40:12.416Z"}
{"level":"info","message":"::1 - - [12/Apr/2026:09:40:12 +0000] \"GET /health HTTP/1.1\" 200 74 \"-\" \"HTTPie\"","service":"acquisitions-api","timestamp":"2026-04-12T09:40:12.634Z"}
{"level":"info","message":"::1 - - [12/Apr/2026:09:40:12 +0000] \"GET /health HTTP/1.1\" 200 73 \"-\" \"HTTPie\"","service":"acquisitions-api","timestamp":"2026-04-12T09:40:12.825Z"}
{"level":"info","message":"::1 - - [12/Apr/2026:09:40:13 +0000] \"GET /health HTTP/1.1\" 200 74 \"-\" \"HTTPie\"","service":"acquisitions-api","timestamp":"2026-04-12T09:40:13.054Z"}
{"level":"info","message":"::1 - - [12/Apr/2026:09:40:13 +0000] \"GET /health HTTP/1.1\" 200 74 \"-\" \"HTTPie\"","service":"acquisitions-api","timestamp":"2026-04-12T09:40:13.234Z"}
{"level":"info","message":"::1 - - [12/Apr/2026:09:40:13 +0000] \"GET /health HTTP/1.1\" 200 74 \"-\" \"HTTPie\"","service":"acquisitions-api","timestamp":"2026-04-12T09:40:13.419Z"}
{"level":"info","message":"::1 - - [12/Apr/2026:09:40:13 +0000] \"GET /health HTTP/1.1\" 200 74 \"-\" \"HTTPie\"","service":"acquisitions-api","timestamp":"2026-04-12T09:40:13.617Z"}
{"level":"info","message":"::1 - - [12/Apr/2026:09:40:13 +0000] \"GET /health HTTP/1.1\" 200 74 \"-\" \"HTTPie\"","service":"acquisitions-api","timestamp":"2026-04-12T09:40:13.822Z"}
{"level":"info","message":"::1 - - [12/Apr/2026:09:40:13 +0000] \"GET /health HTTP/1.1\" 200 74 \"-\" \"HTTPie\"","service":"acquisitions-api","timestamp":"2026-04-12T09:40:13.997Z"}
{"level":"info","message":"::1 - - [12/Apr/2026:09:40:14 +0000] \"GET /health HTTP/1.1\" 200 74 \"-\" \"HTTPie\"","service":"acquisitions-api","timestamp":"2026-04-12T09:40:14.218Z"}
{"level":"info","message":"::1 - - [12/Apr/2026:09:40:14 +0000] \"GET /health HTTP/1.1\" 200 74 \"-\" \"HTTPie\"","service":"acquisitions-api","timestamp":"2026-04-12T09:40:14.403Z"}
{"level":"info","message":"::1 - - [12/Apr/2026:09:40:14 +0000] \"GET /health HTTP/1.1\" 200 74 \"-\" \"HTTPie\"","service":"acquisitions-api","timestamp":"2026-04-12T09:40:14.591Z"}
{"level":"info","message":"::1 - - [12/Apr/2026:09:40:14 +0000] \"GET /health HTTP/1.1\" 200 73 \"-\" \"HTTPie\"","service":"acquisitions-api","timestamp":"2026-04-12T09:40:14.780Z"}
{"level":"info","message":"::1 - - [12/Apr/2026:09:40:14 +0000] \"GET /health HTTP/1.1\" 200 74 \"-\" \"HTTPie\"","service":"acquisitions-api","timestamp":"2026-04-12T09:40:14.953Z"}
{"level":"info","message":"::1 - - [12/Apr/2026:09:40:15 +0000] \"GET /health HTTP/1.1\" 200 74 \"-\" \"HTTPie\"","service":"acquisitions-api","timestamp":"2026-04-12T09:40:15.149Z"}
{"level":"info","message":"::1 - - [12/Apr/2026:09:40:15 +0000] \"GET /health HTTP/1.1\" 200 74 \"-\" \"HTTPie\"","service":"acquisitions-api","timestamp":"2026-04-12T09:40:15.337Z"}
{"level":"info","message":"::1 - - [12/Apr/2026:09:40:15 +0000] \"GET /health HTTP/1.1\" 200 74 \"-\" \"HTTPie\"","service":"acquisitions-api","timestamp":"2026-04-12T09:40:15.536Z"}
{"level":"info","message":"::1 - - [12/Apr/2026:09:40:15 +0000] \"GET /health HTTP/1.1\" 200 74 \"-\" \"HTTPie\"","service":"acquisitions-api","timestamp":"2026-04-12T09:40:15.742Z"}
{"level":"info","message":"::1 - - [12/Apr/2026:09:40:15 +0000] \"GET /health HTTP/1.1\" 200 74 \"-\" \"HTTPie\"","service":"acquisitions-api","timestamp":"2026-04-12T09:40:15.998Z"}
{"level":"info","message":"::1 - - [12/Apr/2026:09:40:16 +0000] \"GET /health HTTP/1.1\" 200 74 \"-\" \"HTTPie\"","service":"acquisitions-api","timestamp":"2026-04-12T09:40:16.181Z"}
{"level":"info","message":"::1 - - [12/Apr/2026:09:40:16 +0000] \"GET /health HTTP/1.1\" 200 74 \"-\" \"HTTPie\"","service":"acquisitions-api","timestamp":"2026-04-12T09:40:16.386Z"}
{"level":"info","message":"::1 - - [12/Apr/2026:09:40:16 +0000] \"GET /health HTTP/1.1\" 200 74 \"-\" \"HTTPie\"","service":"acquisitions-api","timestamp":"2026-04-12T09:40:16.558Z"}
{"level":"info","message":"::1 - - [12/Apr/2026:09:40:16 +0000] \"GET /health HTTP/1.1\" 200 74 \"-\" \"HTTPie\"","service":"acquisitions-api","timestamp":"2026-04-12T09:40:16.764Z"}
{"level":"info","message":"::1 - - [12/Apr/2026:09:40:16 +0000] \"GET /health HTTP/1.1\" 200 74 \"-\" \"HTTPie\"","service":"acquisitions-api","timestamp":"2026-04-12T09:40:16.958Z"}
{"level":"info","message":"::1 - - [12/Apr/2026:09:40:17 +0000] \"GET /health HTTP/1.1\" 200 74 \"-\" \"HTTPie\"","service":"acquisitions-api","timestamp":"2026-04-12T09:40:17.195Z"}
{"level":"info","message":"::1 - - [12/Apr/2026:09:40:17 +0000] \"GET /health HTTP/1.1\" 200 74 \"-\" \"HTTPie\"","service":"acquisitions-api","timestamp":"2026-04-12T09:40:17.383Z"}
{"level":"info","message":"::1 - - [12/Apr/2026:09:40:17 +0000] \"GET /health HTTP/1.1\" 200 74 \"-\" \"HTTPie\"","service":"acquisitions-api","timestamp":"2026-04-12T09:40:17.563Z"}
{"level":"info","message":"::1 - - [12/Apr/2026:09:40:17 +0000] \"GET /health HTTP/1.1\" 200 74 \"-\" \"HTTPie\"","service":"acquisitions-api","timestamp":"2026-04-12T09:40:17.767Z"}
{"level":"info","message":"::1 - - [12/Apr/2026:09:40:17 +0000] \"GET /health HTTP/1.1\" 200 74 \"-\" \"HTTPie\"","service":"acquisitions-api","timestamp":"2026-04-12T09:40:17.963Z"}
{"level":"info","message":"::1 - - [12/Apr/2026:09:40:18 +0000] \"GET /health HTTP/1.1\" 200 74 \"-\" \"HTTPie\"","service":"acquisitions-api","timestamp":"2026-04-12T09:40:18.190Z"}
{"level":"info","message":"::1 - - [12/Apr/2026:09:40:18 +0000] \"GET /health HTTP/1.1\" 200 74 \"-\" \"HTTPie\"","service":"acquisitions-api","timestamp":"2026-04-12T09:40:18.361Z"}
{"level":"info","message":"::1 - - [12/Apr/2026:09:40:18 +0000] \"GET /health HTTP/1.1\" 200 74 \"-\" \"HTTPie\"","service":"acquisitions-api","timestamp":"2026-04-12T09:40:18.557Z"}
{"level":"info","message":"::1 - - [12/Apr/2026:09:40:18 +0000] \"GET /health HTTP/1.1\" 200 74 \"-\" \"HTTPie\"","service":"acquisitions-api","timestamp":"2026-04-12T09:40:18.750Z"}
{"level":"info","message":"::1 - - [12/Apr/2026:09:40:18 +0000] \"GET /health HTTP/1.1\" 200 74 \"-\" \"HTTPie\"","service":"acquisitions-api","timestamp":"2026-04-12T09:40:18.955Z"}
{"level":"info","message":"::1 - - [12/Apr/2026:09:40:19 +0000] \"GET /health HTTP/1.1\" 200 73 \"-\" \"HTTPie\"","service":"acquisitions-api","timestamp":"2026-04-12T09:40:19.192Z"}
{"level":"info","message":"::1 - - [12/Apr/2026:09:40:19 +0000] \"GET /health HTTP/1.1\" 200 74 \"-\" \"HTTPie\"","service":"acquisitions-api","timestamp":"2026-04-12T09:40:19.381Z"}
{"level":"info","message":"::1 - - [12/Apr/2026:09:40:19 +0000] \"GET /health HTTP/1.1\" 200 74 \"-\" \"HTTPie\"","service":"acquisitions-api","timestamp":"2026-04-12T09:40:19.577Z"}
{"level":"info","message":"::1 - - [12/Apr/2026:09:40:19 +0000] \"GET /health HTTP/1.1\" 200 74 \"-\" \"HTTPie\"","service":"acquisitions-api","timestamp":"2026-04-12T09:40:19.814Z"}
{"level":"info","message":"::1 - - [12/Apr/2026:09:40:19 +0000] \"GET /health HTTP/1.1\" 200 73 \"-\" \"HTTPie\"","service":"acquisitions-api","timestamp":"2026-04-12T09:40:19.986Z"}
{"level":"info","message":"::1 - - [12/Apr/2026:09:40:20 +0000] \"GET /health HTTP/1.1\" 200 74 \"-\" \"HTTPie\"","service":"acquisitions-api","timestamp":"2026-04-12T09:40:20.196Z"}
{"level":"info","message":"::1 - - [12/Apr/2026:09:40:20 +0000] \"GET /health HTTP/1.1\" 200 74 \"-\" \"HTTPie\"","service":"acquisitions-api","timestamp":"2026-04-12T09:40:20.486Z"}
{"level":"info","message":"::1 - - [12/Apr/2026:09:40:20 +0000] \"GET /health HTTP/1.1\" 200 74 \"-\" \"HTTPie\"","service":"acquisitions-api","timestamp":"2026-04-12T09:40:20.667Z"}
{"level":"info","message":"::1 - - [12/Apr/2026:09:40:20 +0000] \"GET /health HTTP/1.1\" 200 74 \"-\" \"HTTPie\"","service":"acquisitions-api","timestamp":"2026-04-12T09:40:20.891Z"}
{"level":"info","message":"::1 - - [12/Apr/2026:09:40:21 +0000] \"GET /health HTTP/1.1\" 200 74 \"-\" \"HTTPie\"","service":"acquisitions-api","timestamp":"2026-04-12T09:40:21.104Z"}
{"level":"info","message":"::1 - - [12/Apr/2026:09:40:21 +0000] \"GET /health HTTP/1.1\" 200 73 \"-\" \"HTTPie\"","service":"acquisitions-api","timestamp":"2026-04-12T09:40:21.271Z"}
{"level":"info","message":"::1 - - [12/Apr/2026:09:40:21 +0000] \"GET /health HTTP/1.1\" 200 74 \"-\" \"HTTPie\"","service":"acquisitions-api","timestamp":"2026-04-12T09:40:21.474Z"}
{"level":"info","message":"::1 - - [12/Apr/2026:09:40:21 +0000] \"GET /health HTTP/1.1\" 200 74 \"-\" \"HTTPie\"","service":"acquisitions-api","timestamp":"2026-04-12T09:40:21.663Z"}
{"level":"info","message":"::1 - - [12/Apr/2026:09:40:21 +0000] \"GET /health HTTP/1.1\" 200 74 \"-\" \"HTTPie\"","service":"acquisitions-api","timestamp":"2026-04-12T09:40:21.873Z"}
{"level":"info","message":"::1 - - [12/Apr/2026:09:40:22 +0000] \"GET /health HTTP/1.1\" 200 74 \"-\" \"HTTPie\"","service":"acquisitions-api","timestamp":"2026-04-12T09:40:22.113Z"}
{"level":"info","message":"::1 - - [12/Apr/2026:09:40:22 +0000] \"GET /health HTTP/1.1\" 200 74 \"-\" \"HTTPie\"","service":"acquisitions-api","timestamp":"2026-04-12T09:40:22.245Z"}
{"level":"info","message":"::1 - - [12/Apr/2026:09:40:22 +0000] \"GET /health HTTP/1.1\" 200 74 \"-\" \"HTTPie\"","service":"acquisitions-api","timestamp":"2026-04-12T09:40:22.435Z"}
{"level":"info","message":"::1 - - [12/Apr/2026:09:40:22 +0000] \"GET /health HTTP/1.1\" 200 74 \"-\" \"HTTPie\"","service":"acquisitions-api","timestamp":"2026-04-12T09:40:22.659Z"}
{"level":"info","message":"::1 - - [12/Apr/2026:09:40:22 +0000] \"GET /health HTTP/1.1\" 200 74 \"-\" \"HTTPie\"","service":"acquisitions-api","timestamp":"2026-04-12T09:40:22.843Z"}
